<?xml version="1.0" encoding="UTF-8"?>
<!-- Generated by org.testng.reporters.JUnitReportReporter -->
<testsuite skipped="0" hostname="DESKTOP-EPR1DQN" name="projekt.automatyzacja.test.AddPost" tests="2" failures="0" timestamp="11 sty 2019 09:06:54 GMT" time="7.202" errors="0">
  <testcase name="addPost" time="7.153" classname="projekt.automatyzacja.test.AddPost"/>
  <testcase name="verifyAddedPost" time="0.049" classname="projekt.automatyzacja.test.AddPost"/>
</testsuite> <!-- projekt.automatyzacja.test.AddPost -->
