<?xml version="1.0" encoding="UTF-8"?>
<!-- Generated by org.testng.reporters.JUnitReportReporter -->
<testsuite skipped="0" hostname="DESKTOP-EPR1DQN" name="projekt.automatyzacja.test.AddPostTC" tests="2" failures="0" timestamp="15 lip 2019 17:18:06 GMT" time="6.664" errors="0">
  <testcase name="addPost" time="6.639" classname="projekt.automatyzacja.test.AddPostTC"/>
  <testcase name="verifyAddedPost" time="0.025" classname="projekt.automatyzacja.test.AddPostTC"/>
</testsuite> <!-- projekt.automatyzacja.test.AddPostTC -->
