<?xml version="1.0" encoding="UTF-8"?>
<!-- Generated by org.testng.reporters.JUnitReportReporter -->
<testsuite skipped="0" hostname="DESKTOP-EPR1DQN" name="projekt.automatyzacja.test.CreateCatalogItemTC" tests="2" failures="0" timestamp="15 lip 2019 17:18:06 GMT" time="49.986" errors="0">
  <testcase name="createCatalogItem" time="49.830" classname="projekt.automatyzacja.test.CreateCatalogItemTC"/>
  <testcase name="verifyCreatedCatalogItem" time="0.156" classname="projekt.automatyzacja.test.CreateCatalogItemTC"/>
</testsuite> <!-- projekt.automatyzacja.test.CreateCatalogItemTC -->
