<?xml version="1.0" encoding="UTF-8"?>
<!-- Generated by org.testng.reporters.JUnitReportReporter -->
<testsuite skipped="0" hostname="DESKTOP-EPR1DQN" name="projekt.automatyzacja.test.CreateContactTC5" tests="4" failures="0" timestamp="15 lip 2019 17:18:06 GMT" time="33.684" errors="0">
  <testcase name="createContact" time="15.971" classname="projekt.automatyzacja.test.CreateContactTC5"/>
  <testcase name="createContact" time="17.025" classname="projekt.automatyzacja.test.CreateContactTC5"/>
  <testcase name="verifyCreatedContact" time="0.344" classname="projekt.automatyzacja.test.CreateContactTC5"/>
  <testcase name="verifyCreatedContact" time="0.344" classname="projekt.automatyzacja.test.CreateContactTC5"/>
</testsuite> <!-- projekt.automatyzacja.test.CreateContactTC5 -->
