<?xml version="1.0" encoding="UTF-8"?>
<!-- Generated by org.testng.reporters.JUnitReportReporter -->
<testsuite skipped="0" hostname="DESKTOP-EPR1DQN" name="projekt.automatyzacja.test.DeleteLeadTC" tests="2" failures="0" timestamp="15 lip 2019 17:18:06 GMT" time="22.102" errors="0">
  <testcase name="deleteLead" time="22.087" classname="projekt.automatyzacja.test.DeleteLeadTC"/>
  <testcase name="verifyDeletion" time="0.015" classname="projekt.automatyzacja.test.DeleteLeadTC"/>
</testsuite> <!-- projekt.automatyzacja.test.DeleteLeadTC -->
