<?xml version="1.0" encoding="UTF-8"?>
<!-- Generated by org.testng.reporters.JUnitReportReporter -->
<testsuite skipped="0" hostname="DESKTOP-EPR1DQN" name="projekt.automatyzacja.test.ExportOpportunitiesTC" tests="1" failures="0" timestamp="15 lip 2019 17:18:06 GMT" time="4.845" errors="0">
  <testcase name="exportOpportunity" time="4.845" classname="projekt.automatyzacja.test.ExportOpportunitiesTC"/>
</testsuite> <!-- projekt.automatyzacja.test.ExportOpportunitiesTC -->
