<?xml version="1.0" encoding="UTF-8"?>
<!-- Generated by org.testng.reporters.JUnitReportReporter -->
<testsuite skipped="0" hostname="DESKTOP-EPR1DQN" name="projekt.automatyzacja.test.CreateContactTC3" tests="4" failures="0" timestamp="26 lut 2019 13:04:12 GMT" time="65.554" errors="0">
  <testcase name="createContact" time="16.577" classname="projekt.automatyzacja.test.CreateContactTC3"/>
  <testcase name="createContact" time="48.208" classname="projekt.automatyzacja.test.CreateContactTC3"/>
  <testcase name="verifyCreatedContact" time="0.396" classname="projekt.automatyzacja.test.CreateContactTC3"/>
  <testcase name="verifyCreatedContact" time="0.373" classname="projekt.automatyzacja.test.CreateContactTC3"/>
</testsuite> <!-- projekt.automatyzacja.test.CreateContactTC3 -->
