<?xml version="1.0" encoding="UTF-8"?>
<!-- Generated by org.testng.reporters.JUnitReportReporter -->
<testsuite skipped="0" hostname="DESKTOP-EPR1DQN" name="projekt.automatyzacja.page.FactoryExample" tests="8" failures="0" timestamp="21 lut 2019 12:42:07 GMT" time="0.032" errors="0">
  <testcase name="testMethod1" time="0.013" classname="projekt.automatyzacja.page.FactoryExample"/>
  <testcase name="testMethod2" time="0.001" classname="projekt.automatyzacja.page.FactoryExample"/>
  <testcase name="testMethod1" time="0.003" classname="projekt.automatyzacja.page.FactoryExample"/>
  <testcase name="testMethod2" time="0.004" classname="projekt.automatyzacja.page.FactoryExample"/>
  <testcase name="testMethod1" time="0.002" classname="projekt.automatyzacja.page.FactoryExample"/>
  <testcase name="testMethod2" time="0.002" classname="projekt.automatyzacja.page.FactoryExample"/>
  <testcase name="testMethod1" time="0.003" classname="projekt.automatyzacja.page.FactoryExample"/>
  <testcase name="testMethod2" time="0.004" classname="projekt.automatyzacja.page.FactoryExample"/>
</testsuite> <!-- projekt.automatyzacja.page.FactoryExample -->
