<?xml version="1.0" encoding="UTF-8"?>
<!-- Generated by org.testng.reporters.JUnitReportReporter -->
<testsuite skipped="0" hostname="DESKTOP-EPR1DQN" name="projekt.automatyzacja.test.TEST" tests="1" failures="0" timestamp="08 lip 2019 10:03:30 GMT" time="0.031" errors="0">
  <testcase name="loginToZurmo" time="0.031" classname="projekt.automatyzacja.test.TEST"/>
</testsuite> <!-- projekt.automatyzacja.test.TEST -->
