<?xml version="1.0" encoding="UTF-8"?>
<!-- Generated by org.testng.reporters.JUnitReportReporter -->
<testsuite skipped="0" hostname="DESKTOP-EPR1DQN" name="projekt.automatyzacja.test.CreateAccountTC" tests="2" failures="0" timestamp="15 lip 2019 17:18:06 GMT" time="13.453" errors="0">
  <testcase name="createAccount" time="13.203" classname="projekt.automatyzacja.test.CreateAccountTC"/>
  <testcase name="verifyCreatedAccount" time="0.250" classname="projekt.automatyzacja.test.CreateAccountTC"/>
</testsuite> <!-- projekt.automatyzacja.test.CreateAccountTC -->
