<?xml version="1.0" encoding="UTF-8"?>
<!-- Generated by org.testng.reporters.JUnitReportReporter -->
<testsuite skipped="0" hostname="DESKTOP-EPR1DQN" name="projekt.automatyzacja.test.CreateAccountTC3" tests="2" failures="0" timestamp="26 cze 2019 08:57:05 GMT" time="24.206" errors="0">
  <testcase name="createAccount" time="23.765" classname="projekt.automatyzacja.test.CreateAccountTC3"/>
  <testcase name="verifyCreatedAccount" time="0.441" classname="projekt.automatyzacja.test.CreateAccountTC3"/>
</testsuite> <!-- projekt.automatyzacja.test.CreateAccountTC3 -->
