<?xml version="1.0" encoding="UTF-8"?>
<!-- Generated by org.testng.reporters.JUnitReportReporter -->
<testsuite skipped="0" hostname="DESKTOP-EPR1DQN" name="projekt.automatyzacja.test.InactiveUserTC" tests="2" failures="0" timestamp="18 sty 2019 09:33:07 GMT" time="35.759" errors="0">
  <testcase name="inactiveUser" time="22.817" classname="projekt.automatyzacja.test.InactiveUserTC"/>
  <testcase name="verifyInactivationOfUser" time="12.942" classname="projekt.automatyzacja.test.InactiveUserTC"/>
</testsuite> <!-- projekt.automatyzacja.test.InactiveUserTC -->
