<?xml version="1.0" encoding="UTF-8"?>
<!-- Generated by org.testng.reporters.JUnitReportReporter -->
<testsuite skipped="0" hostname="DESKTOP-EPR1DQN" name="projekt.automatyzacja.test.AppTest" tests="1" failures="0" timestamp="25 lis 2018 08:58:54 GMT" time="15.444" errors="0">
  <testcase name="test_Home_Page_Appear_Correct" time="15.444" classname="projekt.automatyzacja.test.AppTest"/>
</testsuite> <!-- projekt.automatyzacja.test.AppTest -->
