<?xml version="1.0" encoding="UTF-8"?>
<!-- Generated by org.testng.reporters.JUnitReportReporter -->
<testsuite skipped="0" hostname="DESKTOP-EPR1DQN" name="projekt.automatyzacja.test.EditContactTC" tests="2" failures="0" timestamp="15 lip 2019 17:18:06 GMT" time="31.754" errors="0">
  <testcase name="editContact" time="31.436" classname="projekt.automatyzacja.test.EditContactTC"/>
  <testcase name="verifyEditedContact" time="0.318" classname="projekt.automatyzacja.test.EditContactTC"/>
</testsuite> <!-- projekt.automatyzacja.test.EditContactTC -->
