<?xml version="1.0" encoding="UTF-8"?>
<!-- Generated by org.testng.reporters.JUnitReportReporter -->
<testsuite skipped="0" hostname="DESKTOP-EPR1DQN" name="projekt.automatyzacja.test.CreateContactTC" tests="2" failures="0" timestamp="19 sty 2019 11:55:44 GMT" time="44.025" errors="0">
  <testcase name="createContact" time="23.069" classname="projekt.automatyzacja.test.CreateContactTC"/>
  <testcase name="verifyCreatedContact" time="20.956" classname="projekt.automatyzacja.test.CreateContactTC"/>
</testsuite> <!-- projekt.automatyzacja.test.CreateContactTC -->
