<?xml version="1.0" encoding="UTF-8"?>
<!-- Generated by org.testng.reporters.JUnitReportReporter -->
<testsuite skipped="0" hostname="DESKTOP-EPR1DQN" name="projekt.automatyzacja.test.CreateLeadTC" tests="2" failures="0" timestamp="15 lip 2019 17:18:06 GMT" time="16.480" errors="0">
  <testcase name="createLead" time="16.152" classname="projekt.automatyzacja.test.CreateLeadTC"/>
  <testcase name="verifyCreatedLead" time="0.328" classname="projekt.automatyzacja.test.CreateLeadTC"/>
</testsuite> <!-- projekt.automatyzacja.test.CreateLeadTC -->
