<?xml version="1.0" encoding="UTF-8"?>
<!-- Generated by org.testng.reporters.JUnitReportReporter -->
<testsuite skipped="2" hostname="DESKTOP-EPR1DQN" name="projekt.automatyzacja.test.CreateContactTC4" tests="2" failures="0" timestamp="11 cze 2019 11:42:33 GMT" time="0.000" errors="0">
  <testcase name="createContact" time="0.000" classname="projekt.automatyzacja.test.CreateContactTC4">
    <skipped/>
  </testcase> <!-- createContact -->
  <testcase name="verifyCreatedContact" time="0.000" classname="projekt.automatyzacja.test.CreateContactTC4">
    <skipped/>
  </testcase> <!-- verifyCreatedContact -->
</testsuite> <!-- projekt.automatyzacja.test.CreateContactTC4 -->
