<?xml version="1.0" encoding="UTF-8"?>
<!-- Generated by org.testng.reporters.JUnitReportReporter -->
<testsuite skipped="0" hostname="DESKTOP-EPR1DQN" name="projekt.automatyzacja.test.FactoryExample" tests="8" failures="0" timestamp="20 lut 2019 10:36:03 GMT" time="0.016" errors="0">
  <testcase name="testMethod1" time="0.000" classname="projekt.automatyzacja.test.FactoryExample"/>
  <testcase name="testMethod2" time="0.000" classname="projekt.automatyzacja.test.FactoryExample"/>
  <testcase name="testMethod1" time="0.000" classname="projekt.automatyzacja.test.FactoryExample"/>
  <testcase name="testMethod2" time="0.000" classname="projekt.automatyzacja.test.FactoryExample"/>
  <testcase name="testMethod1" time="0.000" classname="projekt.automatyzacja.test.FactoryExample"/>
  <testcase name="testMethod2" time="0.000" classname="projekt.automatyzacja.test.FactoryExample"/>
  <testcase name="testMethod1" time="0.000" classname="projekt.automatyzacja.test.FactoryExample"/>
  <testcase name="testMethod2" time="0.016" classname="projekt.automatyzacja.test.FactoryExample"/>
</testsuite> <!-- projekt.automatyzacja.test.FactoryExample -->
