<?xml version="1.0" encoding="UTF-8"?>
<!-- Generated by org.testng.reporters.JUnitReportReporter -->
<testsuite skipped="0" hostname="DESKTOP-EPR1DQN" name="projekt.automatyzacja.test.EditContactTC2" tests="2" failures="0" timestamp="26 cze 2019 08:57:05 GMT" time="44.386" errors="0">
  <testcase name="editContact" time="43.825" classname="projekt.automatyzacja.test.EditContactTC2"/>
  <testcase name="verifyEditedContact" time="0.561" classname="projekt.automatyzacja.test.EditContactTC2"/>
</testsuite> <!-- projekt.automatyzacja.test.EditContactTC2 -->
