<?xml version="1.0" encoding="UTF-8"?>
<!-- Generated by org.testng.reporters.JUnitReportReporter -->
<testsuite skipped="0" hostname="DESKTOP-EPR1DQN" name="projekt.automatyzacja.test.CreateCatalogItemTC" tests="2" failures="0" timestamp="16 lip 2019 10:38:48 GMT" time="48.254" errors="0">
  <testcase name="createCatalogItem" time="48.069" classname="projekt.automatyzacja.test.CreateCatalogItemTC"/>
  <testcase name="verifyCreatedCatalogItem" time="0.185" classname="projekt.automatyzacja.test.CreateCatalogItemTC"/>
</testsuite> <!-- projekt.automatyzacja.test.CreateCatalogItemTC -->
