<?xml version="1.0" encoding="UTF-8"?>
<!-- Generated by org.testng.reporters.JUnitReportReporter -->
<testsuite skipped="0" hostname="DESKTOP-EPR1DQN" name="projekt.automatyzacja.test.EditContactTC" tests="2" failures="0" timestamp="16 lip 2019 10:38:48 GMT" time="29.237" errors="0">
  <testcase name="editContact" time="28.931" classname="projekt.automatyzacja.test.EditContactTC"/>
  <testcase name="verifyEditedContact" time="0.306" classname="projekt.automatyzacja.test.EditContactTC"/>
</testsuite> <!-- projekt.automatyzacja.test.EditContactTC -->
