<?xml version="1.0" encoding="UTF-8"?>
<!-- Generated by org.testng.reporters.JUnitReportReporter -->
<testsuite skipped="0" hostname="DESKTOP-EPR1DQN" name="projekt.automatyzacja.test.LoginTC" tests="1" failures="0" timestamp="16 lip 2019 10:38:48 GMT" time="0.000" errors="0">
  <testcase name="loginToZurmo" time="0.000" classname="projekt.automatyzacja.test.LoginTC"/>
</testsuite> <!-- projekt.automatyzacja.test.LoginTC -->
