<?xml version="1.0" encoding="UTF-8"?>
<!-- Generated by org.testng.reporters.JUnitReportReporter -->
<testsuite skipped="0" hostname="DESKTOP-EPR1DQN" name="projekt.automatyzacja.test.ExportOpportunitiesTC" tests="1" failures="0" timestamp="16 lip 2019 10:38:48 GMT" time="5.344" errors="0">
  <testcase name="exportOpportunity" time="5.344" classname="projekt.automatyzacja.test.ExportOpportunitiesTC"/>
</testsuite> <!-- projekt.automatyzacja.test.ExportOpportunitiesTC -->
