<?xml version="1.0" encoding="UTF-8"?>
<!-- Generated by org.testng.reporters.JUnitReportReporter -->
<testsuite skipped="0" hostname="DESKTOP-EPR1DQN" name="projekt.automatyzacja.test.AddPostTC" tests="2" failures="0" timestamp="16 lip 2019 10:38:48 GMT" time="5.559" errors="0">
  <testcase name="addPost" time="5.530" classname="projekt.automatyzacja.test.AddPostTC"/>
  <testcase name="verifyAddedPost" time="0.029" classname="projekt.automatyzacja.test.AddPostTC"/>
</testsuite> <!-- projekt.automatyzacja.test.AddPostTC -->
