<?xml version="1.0" encoding="UTF-8"?>
<!-- Generated by org.testng.reporters.JUnitReportReporter -->
<testsuite skipped="0" hostname="DESKTOP-EPR1DQN" name="projekt.automatyzacja.test.DeleteLeadTC" tests="2" failures="0" timestamp="16 lip 2019 10:38:48 GMT" time="21.241" errors="0">
  <testcase name="deleteLead" time="21.202" classname="projekt.automatyzacja.test.DeleteLeadTC"/>
  <testcase name="verifyDeletion" time="0.039" classname="projekt.automatyzacja.test.DeleteLeadTC"/>
</testsuite> <!-- projekt.automatyzacja.test.DeleteLeadTC -->
