<?xml version="1.0" encoding="UTF-8"?>
<!-- Generated by org.testng.reporters.JUnitReportReporter -->
<testsuite skipped="0" hostname="DESKTOP-EPR1DQN" name="projekt.automatyzacja.test.CreateAccountTC" tests="2" failures="0" timestamp="16 lip 2019 10:38:48 GMT" time="11.608" errors="0">
  <testcase name="createAccount" time="11.258" classname="projekt.automatyzacja.test.CreateAccountTC"/>
  <testcase name="verifyCreatedAccount" time="0.350" classname="projekt.automatyzacja.test.CreateAccountTC"/>
</testsuite> <!-- projekt.automatyzacja.test.CreateAccountTC -->
