<?xml version="1.0" encoding="UTF-8"?>
<!-- Generated by org.testng.reporters.JUnitReportReporter -->
<testsuite skipped="0" hostname="DESKTOP-EPR1DQN" name="projekt.automatyzacja.test.CreateLeadTC" tests="2" failures="0" timestamp="16 lip 2019 10:38:48 GMT" time="14.420" errors="0">
  <testcase name="createLead" time="14.034" classname="projekt.automatyzacja.test.CreateLeadTC"/>
  <testcase name="verifyCreatedLead" time="0.386" classname="projekt.automatyzacja.test.CreateLeadTC"/>
</testsuite> <!-- projekt.automatyzacja.test.CreateLeadTC -->
