<?xml version="1.0" encoding="UTF-8"?>
<!-- Generated by org.testng.reporters.JUnitReportReporter -->
<testsuite skipped="0" hostname="DESKTOP-EPR1DQN" name="projekt.automatyzacja.test.CreateContactTC5" tests="4" failures="0" timestamp="16 lip 2019 10:38:48 GMT" time="29.904" errors="0">
  <testcase name="createContact" time="14.773" classname="projekt.automatyzacja.test.CreateContactTC5"/>
  <testcase name="createContact" time="14.500" classname="projekt.automatyzacja.test.CreateContactTC5"/>
  <testcase name="verifyCreatedContact" time="0.285" classname="projekt.automatyzacja.test.CreateContactTC5"/>
  <testcase name="verifyCreatedContact" time="0.346" classname="projekt.automatyzacja.test.CreateContactTC5"/>
</testsuite> <!-- projekt.automatyzacja.test.CreateContactTC5 -->
