<?xml version="1.0" encoding="UTF-8"?>
<!-- Generated by org.testng.reporters.JUnitReportReporter -->
<testsuite skipped="0" hostname="DESKTOP-EPR1DQN" name="projekt.automatyzacja.test.DeactivateUserTC" tests="2" failures="0" timestamp="16 lip 2019 10:38:48 GMT" time="0.000" errors="0">
  <testcase name="deactivateUser" time="0.000" classname="projekt.automatyzacja.test.DeactivateUserTC"/>
  <testcase name="verifyDeactivationOfUser" time="0.000" classname="projekt.automatyzacja.test.DeactivateUserTC"/>
</testsuite> <!-- projekt.automatyzacja.test.DeactivateUserTC -->
