<?xml version="1.0" encoding="UTF-8"?>
<!-- Generated by org.testng.reporters.JUnitReportReporter -->
<testsuite skipped="0" hostname="DESKTOP-EPR1DQN" name="projekt.automatyzacja.test.ActivateUserTC" tests="2" failures="0" timestamp="16 lip 2019 10:38:48 GMT" time="0.001" errors="0">
  <testcase name="activateUser" time="0.001" classname="projekt.automatyzacja.test.ActivateUserTC"/>
  <testcase name="verifyInactivationOfUser" time="0.000" classname="projekt.automatyzacja.test.ActivateUserTC"/>
</testsuite> <!-- projekt.automatyzacja.test.ActivateUserTC -->
